C51 COMPILER V9.59.0.0   MAIN                                                              09/25/2019 00:51:20 PAGE 1   


C51 COMPILER V9.59.0.0, COMPILATION OF MODULE MAIN
OBJECT MODULE PLACED IN .\Objects\main.obj
COMPILER INVOKED BY: C:\Keil_v5\C51\BIN\C51.EXE ..\user\main.c OPTIMIZE(8,SPEED) BROWSE INCDIR(..\include;..\system\inc;
                    -..\hardware\inc) DEBUG OBJECTEXTEND PRINT(.\Listings\main.lst) OBJECT(.\Objects\main.obj)

line level    source

   1          /**     ************************************************************************************
   2          *       @Examle Version         V1.0.4.0
   3          *       @Demo   Version         V1.0.4.0
   4          *       @Date                           2019.07.22
   5          *       ************************************************************************************/
   6          
   7          
   8          #define ALLOCATE_EXTERN
   9          #include "HC89S003F4.h"
  10          
  11          void Delay_ms(unsigned int fui_i);              //延时函数
  12          
  13          
  14          /***************************************************************************************
  15            * @实现效果   对P00口进行高、低电平转换，LED1不断翻转
  16          ***************************************************************************************/
  17          void main()
  18          {               
  19   1              WDTCCR = 0x00;                                          //关闭看门狗
  20   1                                                  //本例程为方便测试关闭看门狗，实际使用中，建议客户打开看门狗，详见WDT
             -复位
  21   1              CLKSWR = 0x51;                                          //选择内部高频RC为系统时钟，内部高频RC 2分频，Fosc=16MHz
  22   1              CLKDIV = 0x01;                                          //Fosc 1分频得到Fcpu，Fcpu=16MHz 
  23   1              
  24   1              P0M0 = P0M0&0xF0|0x08;          //P00设置为推挽输出
  25   1              while(1)
  26   1              {
  27   2                      P0_0= 0;
  28   2                      Delay_ms(200);
  29   2                      P0_0= 1;
  30   2                      Delay_ms(200);
  31   2              }
  32   1      }
  33          
  34          void Delay_ms(unsigned int fui_i)
  35          {
  36   1              unsigned int fui_j;
  37   1              for(;fui_i > 0;fui_i --)
  38   1              for(fui_j = 1596;fui_j > 0;fui_j --);
  39   1      }


MODULE INFORMATION:   STATIC OVERLAYABLE
   CODE SIZE        =     72    ----
   CONSTANT SIZE    =   ----    ----
   XDATA SIZE       =   ----    ----
   PDATA SIZE       =   ----    ----
   DATA SIZE        =   ----    ----
   IDATA SIZE       =   ----    ----
   BIT SIZE         =   ----    ----
END OF MODULE INFORMATION.


C51 COMPILATION COMPLETE.  0 WARNING(S),  0 ERROR(S)
